<?xml version="1.0" encoding="UTF-8"?>
<!-- Generated by org.testng.reporters.JUnitXMLReporter -->
<testsuite hostname="DESKTOP-LA7B21D" name="Default test" tests="5" failures="0" timestamp="21 Mar 2022 11:15:28 GMT" time="9.689" errors="0">
  <testcase name="CreateUser" time="4.071" classname="sample.sample_1"/>
  <testcase name="UpdateUser" time="1.392" classname="sample.sample_1"/>
  <testcase name="login" time="1.396" classname="sample.sample_1"/>
  <testcase name="logout" time="1.341" classname="sample.sample_1"/>
  <testcase name="Delete" time="1.464" classname="sample.sample_1"/>
</testsuite> <!-- Default test -->
